This is pdfTeX, Version 3.14159265-2.6-1.40.21 (TeX Live 2020) (preloaded format=latex 2020.9.10)  5 JUL 2021 21:44
entering extended mode
 \write18 enabled.
 %&-line parsing enabled.
**\makeatletter\def\HCode{\futurelet\HCode\HChar}\def\HChar{\ifx"\HCode\def\HCo
de"##1"{\Link##1}\expandafter\HCode\else\expandafter\Link\fi}\def\Link#1.a.b.c.
{\g@addto@macro\@documentclasshook{\RequirePackage[#1,html]{tex4ht}}\let\HCode\
documentstyle\def\documentstyle{\let\documentstyle\HCode\expandafter\def\csname
 tex4ht\endcsname{#1,html}\def\HCode####1{\documentstyle[tex4ht,}\@ifnextchar[{
\HCode}{\documentstyle[tex4ht]}}}\makeatother\HCode my.cfg,,charset=utf-8,html5
.a.b.c.\input "\detokenize{main}"
(/compile/main.tex (/usr/local/texlive/2020/texmf-dist/tex/latex/base/article.c
ls
Document Class: article 2019/12/20 v1.4l Standard LaTeX document class
(/usr/local/texlive/2020/texmf-dist/tex/latex/base/size11.clo
File: size11.clo 2019/12/20 v1.4l Standard LaTeX file (size option)
)
\c@part=\count168
\c@section=\count169
\c@subsection=\count170
\c@subsubsection=\count171
\c@paragraph=\count172
\c@subparagraph=\count173
\c@figure=\count174
\c@table=\count175
\abovecaptionskip=\skip47
\belowcaptionskip=\skip48
\bibindent=\dimen134
) (/usr/local/texlive/2020/texmf-dist/tex/generic/tex4ht/tex4ht.sty
version 2020-04-15-14:52
Package: tex4ht 
--------------------------------------
--- Note --- for _ at preamble, use the command line option `early_'
--------------------------------------
--------------------------------------
--- Note --- for ^ at preamble, use the command line option `early^'
--------------------------------------
\tmp:toks=\toks15
) (/usr/local/texlive/2020/texmf-dist/tex/generic/tex4ht/usepackage.4ht
version 2020-07-16-14:47
) (/usr/local/texlive/2020/texmf-dist/tex/generic/babel/babel.sty
Package: babel 2020/07/13 3.47 The Babel package
(/usr/local/texlive/2020/texmf-dist/tex/generic/babel/babel.def
File: babel.def 2020/07/13 3.47 Babel common definitions
\babel@savecnt=\count176
\U@D=\dimen135
\l@babelnohyphens=\language86
(/usr/local/texlive/2020/texmf-dist/tex/generic/babel/txtbabel.def)
\bbl@readstream=\read2
)
\bbl@dirlevel=\count177
(/usr/local/texlive/2020/texmf-dist/tex/generic/babel-english/english.ldf
Language: english 2017/06/06 v3.3r English support from the babel system
Package babel Info: \l@canadian = using hyphenrules for english
(babel)             (\language0) on input line 102.
Package babel Info: \l@australian = using hyphenrules for ukenglish
(babel)             (\language21) on input line 105.
Package babel Info: \l@newzealand = using hyphenrules for ukenglish
(babel)             (\language21) on input line 108.
)) (/usr/local/texlive/2020/texmf-dist/tex/latex/base/inputenc.sty
Package: inputenc 2018/08/11 v1.3c Input encoding file
\inpenc@prehook=\toks16
\inpenc@posthook=\toks17
) (/usr/local/texlive/2020/texmf-dist/tex/latex/amsmath/amsmath.sty
Package: amsmath 2020/01/20 v2.17e AMS math features
\@mathmargin=\skip49
For additional information on amsmath, use the `?' option.
(/usr/local/texlive/2020/texmf-dist/tex/latex/amsmath/amstext.sty
Package: amstext 2000/06/29 v2.01 AMS text
(/usr/local/texlive/2020/texmf-dist/tex/latex/amsmath/amsgen.sty
File: amsgen.sty 1999/11/30 v2.0 generic functions
\@emptytoks=\toks18
\ex@=\dimen136
)) (/usr/local/texlive/2020/texmf-dist/tex/latex/amsmath/amsbsy.sty
Package: amsbsy 1999/11/29 v1.2d Bold Symbols
\pmbraise@=\dimen137
) (/usr/local/texlive/2020/texmf-dist/tex/latex/amsmath/amsopn.sty
Package: amsopn 2016/03/08 v2.02 operator names
)
\inf@bad=\count178
LaTeX Info: Redefining \frac on input line 227.
\uproot@=\count179
\leftroot@=\count180
LaTeX Info: Redefining \overline on input line 389.
\classnum@=\count181
\DOTSCASE@=\count182
LaTeX Info: Redefining \ldots on input line 486.
LaTeX Info: Redefining \dots on input line 489.
LaTeX Info: Redefining \cdots on input line 610.
\Mathstrutbox@=\box45
\strutbox@=\box46
\big@size=\dimen138
LaTeX Font Info:    Redeclaring font encoding OML on input line 733.
LaTeX Font Info:    Redeclaring font encoding OMS on input line 734.
\macc@depth=\count183
\c@MaxMatrixCols=\count184
\dotsspace@=\muskip16
\c@parentequation=\count185
\dspbrk@lvl=\count186
\tag@help=\toks19
\row@=\count187
\column@=\count188
\maxfields@=\count189
\andhelp@=\toks20
\eqnshift@=\dimen139
\alignsep@=\dimen140
\tagshift@=\dimen141
\tagwidth@=\dimen142
\totwidth@=\dimen143
\lineht@=\dimen144
\@envbody=\toks21
\multlinegap=\skip50
\multlinetaggap=\skip51
\mathdisplay@stack=\toks22
LaTeX Info: Redefining \[ on input line 2859.
LaTeX Info: Redefining \] on input line 2860.
) (/usr/local/texlive/2020/texmf-dist/tex/latex/amsfonts/amssymb.sty
Package: amssymb 2013/01/14 v3.01 AMS font symbols
(/usr/local/texlive/2020/texmf-dist/tex/latex/amsfonts/amsfonts.sty
Package: amsfonts 2013/01/14 v3.01 Basic AMSFonts support
\symAMSa=\mathgroup4
\symAMSb=\mathgroup5
LaTeX Font Info:    Redeclaring math symbol \hbar on input line 98.
LaTeX Font Info:    Overwriting math alphabet `\mathfrak' in version `bold'
(Font)                  U/euf/m/n --> U/euf/b/n on input line 106.
)) (/usr/local/texlive/2020/texmf-dist/tex/latex/graphics/graphicx.sty
Package: graphicx 2019/11/30 v1.2a Enhanced LaTeX Graphics (DPC,SPQR)
(/usr/local/texlive/2020/texmf-dist/tex/latex/graphics/keyval.sty
Package: keyval 2014/10/28 v1.15 key=value parser (DPC)
\KV@toks@=\toks23
) (/usr/local/texlive/2020/texmf-dist/tex/generic/tex4ht/usepackage.4ht
version 2020-07-16-14:47
) (/usr/local/texlive/2020/texmf-dist/tex/latex/graphics/graphics.sty
Package: graphics 2019/11/30 v1.4a Standard LaTeX Graphics (DPC,SPQR)
(/usr/local/texlive/2020/texmf-dist/tex/latex/graphics/trig.sty
Package: trig 2016/01/03 v1.10 sin cos tan (DPC)
) (/usr/local/texlive/2020/texmf-dist/tex/latex/graphics-cfg/graphics.cfg
File: graphics.cfg 2016/06/04 v1.11 sample graphics configuration
)
Package graphics Info: Driver file: dvips.def on input line 105.
(/usr/local/texlive/2020/texmf-dist/tex/latex/graphics-def/dvips.def
File: dvips.def 2017/06/20 v3.1d Graphics/color driver for dvips
))
\Gin@req@height=\dimen145
\Gin@req@width=\dimen146
) (/usr/local/texlive/2020/texmf-dist/tex/generic/tex4ht/usepackage.4ht
version 2020-07-16-14:47
) (/usr/local/texlive/2020/texmf-dist/tex/latex/pgf/frontendlayer/tikz.sty (/us
r/local/texlive/2020/texmf-dist/tex/latex/pgf/basiclayer/pgf.sty (/usr/local/te
xlive/2020/texmf-dist/tex/latex/pgf/utilities/pgfrcs.sty
(/usr/local/texlive/2020/texmf-dist/tex/generic/pgf/utilities/pgfutil-common.te
x
\pgfutil@everybye=\toks24
\pgfutil@tempdima=\dimen147
\pgfutil@tempdimb=\dimen148

(/usr/local/texlive/2020/texmf-dist/tex/generic/pgf/utilities/pgfutil-common-li
sts.tex))
(/usr/local/texlive/2020/texmf-dist/tex/generic/pgf/utilities/pgfutil-latex.def
\pgfutil@abb=\box47
(/usr/local/texlive/2020/texmf-dist/tex/latex/ms/everyshi.sty
Package: everyshi 2001/05/15 v3.00 EveryShipout Package (MS)
)) (/usr/local/texlive/2020/texmf-dist/tex/generic/pgf/utilities/pgfrcs.code.te
x (/usr/local/texlive/2020/texmf-dist/tex/generic/pgf/pgf.revision.tex)
Package: pgfrcs 2020/01/08 v3.1.5b (3.1.5b)
))
Package: pgf 2020/01/08 v3.1.5b (3.1.5b)
(/usr/local/texlive/2020/texmf-dist/tex/latex/pgf/basiclayer/pgfcore.sty (/usr/
local/texlive/2020/texmf-dist/tex/latex/pgf/systemlayer/pgfsys.sty
(/usr/local/texlive/2020/texmf-dist/tex/generic/pgf/systemlayer/pgfsys.code.tex
Package: pgfsys 2020/01/08 v3.1.5b (3.1.5b)
(/usr/local/texlive/2020/texmf-dist/tex/generic/pgf/utilities/pgfkeys.code.tex
\pgfkeys@pathtoks=\toks25
\pgfkeys@temptoks=\toks26

(/usr/local/texlive/2020/texmf-dist/tex/generic/pgf/utilities/pgfkeysfiltered.c
ode.tex
\pgfkeys@tmptoks=\toks27
))
\pgf@x=\dimen149
\pgf@y=\dimen150
\pgf@xa=\dimen151
\pgf@ya=\dimen152
\pgf@xb=\dimen153
\pgf@yb=\dimen154
\pgf@xc=\dimen155
\pgf@yc=\dimen156
\pgf@xd=\dimen157
\pgf@yd=\dimen158
\w@pgf@writea=\write3
\r@pgf@reada=\read3
\c@pgf@counta=\count190
\c@pgf@countb=\count191
\c@pgf@countc=\count192
\c@pgf@countd=\count193
\t@pgf@toka=\toks28
\t@pgf@tokb=\toks29
\t@pgf@tokc=\toks30
\pgf@sys@id@count=\count194
(/usr/local/texlive/2020/texmf-dist/tex/generic/pgf/systemlayer/pgf.cfg
File: pgf.cfg 2020/01/08 v3.1.5b (3.1.5b)
)
Driver file for pgf: pgfsys-tex4ht.def

(/usr/local/texlive/2020/texmf-dist/tex/generic/pgf/systemlayer/pgfsys-tex4ht.d
ef
File: pgfsys-tex4ht.def 2020/01/08 v3.1.5b (3.1.5b)

(/usr/local/texlive/2020/texmf-dist/tex/generic/pgf/systemlayer/pgfsys-common-s
vg.def
File: pgfsys-common-svg.def 2020/01/08 v3.1.5b (3.1.5b)
\pgf@sys@svg@objectcount=\count195
\pgf@sys@svg@scopecount=\count196
\pgf@sys@svg@type@count=\count197
\pgf@sys@svg@canvascount=\count198
)
\pgf@sys@svg@picnum=\count199
\pgf@sys@svg@nodenum=\count266
\pgfsys@foreignobject@Box=\box48
\pgf@s=\dimen159
\pgf@t=\dimen160
(/usr/local/texlive/2020/texmf-dist/tex/generic/tex4ht/usepackage.4ht
version 2020-07-16-14:47
) (/usr/local/texlive/2020/texmf-dist/tex/latex/xcolor/xcolor.sty
Package: xcolor 2016/05/11 v2.12 LaTeX color extensions (UK)
(/usr/local/texlive/2020/texmf-dist/tex/latex/graphics-cfg/color.cfg
File: color.cfg 2016/01/02 v1.6 sample color configuration
)
Package xcolor Info: Driver file: dvips.def on input line 225.
Package xcolor Info: Model `cmy' substituted by `cmy0' on input line 1348.
Package xcolor Info: Model `RGB' extended on input line 1364.
Package xcolor Info: Model `HTML' substituted by `rgb' on input line 1366.
Package xcolor Info: Model `Hsb' substituted by `hsb' on input line 1367.
Package xcolor Info: Model `tHsb' substituted by `hsb' on input line 1368.
Package xcolor Info: Model `HSB' substituted by `hsb' on input line 1369.
Package xcolor Info: Model `Gray' substituted by `gray' on input line 1370.
Package xcolor Info: Model `wave' substituted by `hsb' on input line 1371.
)))
(/usr/local/texlive/2020/texmf-dist/tex/generic/pgf/systemlayer/pgfsyssoftpath.
code.tex
File: pgfsyssoftpath.code.tex 2020/01/08 v3.1.5b (3.1.5b)
\pgfsyssoftpath@smallbuffer@items=\count267
\pgfsyssoftpath@bigbuffer@items=\count268
)
(/usr/local/texlive/2020/texmf-dist/tex/generic/pgf/systemlayer/pgfsysprotocol.
code.tex
File: pgfsysprotocol.code.tex 2020/01/08 v3.1.5b (3.1.5b)
)) (/usr/local/texlive/2020/texmf-dist/tex/generic/tex4ht/usepackage.4ht
version 2020-07-16-14:47
)
(/usr/local/texlive/2020/texmf-dist/tex/generic/pgf/basiclayer/pgfcore.code.tex
Package: pgfcore 2020/01/08 v3.1.5b (3.1.5b)
(/usr/local/texlive/2020/texmf-dist/tex/generic/pgf/math/pgfmath.code.tex (/usr
/local/texlive/2020/texmf-dist/tex/generic/pgf/math/pgfmathcalc.code.tex (/usr/
local/texlive/2020/texmf-dist/tex/generic/pgf/math/pgfmathutil.code.tex)
(/usr/local/texlive/2020/texmf-dist/tex/generic/pgf/math/pgfmathparser.code.tex
\pgfmath@dimen=\dimen161
\pgfmath@count=\count269
\pgfmath@box=\box49
\pgfmath@toks=\toks31
\pgfmath@stack@operand=\toks32
\pgfmath@stack@operation=\toks33
)
(/usr/local/texlive/2020/texmf-dist/tex/generic/pgf/math/pgfmathfunctions.code.
tex
(/usr/local/texlive/2020/texmf-dist/tex/generic/pgf/math/pgfmathfunctions.basic
.code.tex)
(/usr/local/texlive/2020/texmf-dist/tex/generic/pgf/math/pgfmathfunctions.trigo
nometric.code.tex)
(/usr/local/texlive/2020/texmf-dist/tex/generic/pgf/math/pgfmathfunctions.rando
m.code.tex)
(/usr/local/texlive/2020/texmf-dist/tex/generic/pgf/math/pgfmathfunctions.compa
rison.code.tex)
(/usr/local/texlive/2020/texmf-dist/tex/generic/pgf/math/pgfmathfunctions.base.
code.tex)
(/usr/local/texlive/2020/texmf-dist/tex/generic/pgf/math/pgfmathfunctions.round
.code.tex)
(/usr/local/texlive/2020/texmf-dist/tex/generic/pgf/math/pgfmathfunctions.misc.
code.tex)
(/usr/local/texlive/2020/texmf-dist/tex/generic/pgf/math/pgfmathfunctions.integ
erarithmetics.code.tex))) (/usr/local/texlive/2020/texmf-dist/tex/generic/pgf/m
ath/pgfmathfloat.code.tex
\c@pgfmathroundto@lastzeros=\count270
)) (/usr/local/texlive/2020/texmf-dist/tex/generic/pgf/math/pgfint.code.tex)
(/usr/local/texlive/2020/texmf-dist/tex/generic/pgf/basiclayer/pgfcorepoints.co
de.tex
File: pgfcorepoints.code.tex 2020/01/08 v3.1.5b (3.1.5b)
\pgf@picminx=\dimen162
\pgf@picmaxx=\dimen163
\pgf@picminy=\dimen164
\pgf@picmaxy=\dimen165
\pgf@pathminx=\dimen166
\pgf@pathmaxx=\dimen167
\pgf@pathminy=\dimen168
\pgf@pathmaxy=\dimen169
\pgf@xx=\dimen170
\pgf@xy=\dimen171
\pgf@yx=\dimen172
\pgf@yy=\dimen173
\pgf@zx=\dimen174
\pgf@zy=\dimen175
)
(/usr/local/texlive/2020/texmf-dist/tex/generic/pgf/basiclayer/pgfcorepathconst
ruct.code.tex
File: pgfcorepathconstruct.code.tex 2020/01/08 v3.1.5b (3.1.5b)
\pgf@path@lastx=\dimen176
\pgf@path@lasty=\dimen177
)
(/usr/local/texlive/2020/texmf-dist/tex/generic/pgf/basiclayer/pgfcorepathusage
.code.tex
File: pgfcorepathusage.code.tex 2020/01/08 v3.1.5b (3.1.5b)
\pgf@shorten@end@additional=\dimen178
\pgf@shorten@start@additional=\dimen179
)
(/usr/local/texlive/2020/texmf-dist/tex/generic/pgf/basiclayer/pgfcorescopes.co
de.tex
File: pgfcorescopes.code.tex 2020/01/08 v3.1.5b (3.1.5b)
\pgfpic=\box50
\pgf@hbox=\box51
\pgf@layerbox@main=\box52
\pgf@picture@serial@count=\count271
)
(/usr/local/texlive/2020/texmf-dist/tex/generic/pgf/basiclayer/pgfcoregraphicst
ate.code.tex
File: pgfcoregraphicstate.code.tex 2020/01/08 v3.1.5b (3.1.5b)
\pgflinewidth=\dimen180
)
(/usr/local/texlive/2020/texmf-dist/tex/generic/pgf/basiclayer/pgfcoretransform
ations.code.tex
File: pgfcoretransformations.code.tex 2020/01/08 v3.1.5b (3.1.5b)
\pgf@pt@x=\dimen181
\pgf@pt@y=\dimen182
\pgf@pt@temp=\dimen183
)
(/usr/local/texlive/2020/texmf-dist/tex/generic/pgf/basiclayer/pgfcorequick.cod
e.tex
File: pgfcorequick.code.tex 2020/01/08 v3.1.5b (3.1.5b)
)
(/usr/local/texlive/2020/texmf-dist/tex/generic/pgf/basiclayer/pgfcoreobjects.c
ode.tex
File: pgfcoreobjects.code.tex 2020/01/08 v3.1.5b (3.1.5b)
)
(/usr/local/texlive/2020/texmf-dist/tex/generic/pgf/basiclayer/pgfcorepathproce
ssing.code.tex
File: pgfcorepathprocessing.code.tex 2020/01/08 v3.1.5b (3.1.5b)
)
(/usr/local/texlive/2020/texmf-dist/tex/generic/pgf/basiclayer/pgfcorearrows.co
de.tex
File: pgfcorearrows.code.tex 2020/01/08 v3.1.5b (3.1.5b)
\pgfarrowsep=\dimen184
)
(/usr/local/texlive/2020/texmf-dist/tex/generic/pgf/basiclayer/pgfcoreshade.cod
e.tex
File: pgfcoreshade.code.tex 2020/01/08 v3.1.5b (3.1.5b)
\pgf@max=\dimen185
\pgf@sys@shading@range@num=\count272
\pgf@shadingcount=\count273
)
(/usr/local/texlive/2020/texmf-dist/tex/generic/pgf/basiclayer/pgfcoreimage.cod
e.tex
File: pgfcoreimage.code.tex 2020/01/08 v3.1.5b (3.1.5b)

(/usr/local/texlive/2020/texmf-dist/tex/generic/pgf/basiclayer/pgfcoreexternal.
code.tex
File: pgfcoreexternal.code.tex 2020/01/08 v3.1.5b (3.1.5b)
\pgfexternal@startupbox=\box53
))
(/usr/local/texlive/2020/texmf-dist/tex/generic/pgf/basiclayer/pgfcorelayers.co
de.tex
File: pgfcorelayers.code.tex 2020/01/08 v3.1.5b (3.1.5b)
)
(/usr/local/texlive/2020/texmf-dist/tex/generic/pgf/basiclayer/pgfcoretranspare
ncy.code.tex
File: pgfcoretransparency.code.tex 2020/01/08 v3.1.5b (3.1.5b)
)
(/usr/local/texlive/2020/texmf-dist/tex/generic/pgf/basiclayer/pgfcorepatterns.
code.tex
File: pgfcorepatterns.code.tex 2020/01/08 v3.1.5b (3.1.5b)
)
(/usr/local/texlive/2020/texmf-dist/tex/generic/pgf/basiclayer/pgfcorerdf.code.
tex
File: pgfcorerdf.code.tex 2020/01/08 v3.1.5b (3.1.5b)
)))
(/usr/local/texlive/2020/texmf-dist/tex/generic/pgf/modules/pgfmoduleshapes.cod
e.tex
File: pgfmoduleshapes.code.tex 2020/01/08 v3.1.5b (3.1.5b)
\pgfnodeparttextbox=\box54
)
(/usr/local/texlive/2020/texmf-dist/tex/generic/pgf/modules/pgfmoduleplot.code.
tex
File: pgfmoduleplot.code.tex 2020/01/08 v3.1.5b (3.1.5b)
)
(/usr/local/texlive/2020/texmf-dist/tex/latex/pgf/compatibility/pgfcomp-version
-0-65.sty
Package: pgfcomp-version-0-65 2020/01/08 v3.1.5b (3.1.5b)
\pgf@nodesepstart=\dimen186
\pgf@nodesepend=\dimen187
)
(/usr/local/texlive/2020/texmf-dist/tex/latex/pgf/compatibility/pgfcomp-version
-1-18.sty
Package: pgfcomp-version-1-18 2020/01/08 v3.1.5b (3.1.5b)
)) (/usr/local/texlive/2020/texmf-dist/tex/latex/pgf/utilities/pgffor.sty (/usr
/local/texlive/2020/texmf-dist/tex/latex/pgf/utilities/pgfkeys.sty (/usr/local/
texlive/2020/texmf-dist/tex/generic/pgf/utilities/pgfkeys.code.tex)) (/usr/loca
l/texlive/2020/texmf-dist/tex/latex/pgf/math/pgfmath.sty (/usr/local/texlive/20
20/texmf-dist/tex/generic/pgf/math/pgfmath.code.tex)) (/usr/local/texlive/2020/
texmf-dist/tex/generic/pgf/utilities/pgffor.code.tex
Package: pgffor 2020/01/08 v3.1.5b (3.1.5b)
(/usr/local/texlive/2020/texmf-dist/tex/generic/pgf/math/pgfmath.code.tex)
\pgffor@iter=\dimen188
\pgffor@skip=\dimen189
\pgffor@stack=\toks34
\pgffor@toks=\toks35
))
(/usr/local/texlive/2020/texmf-dist/tex/generic/pgf/frontendlayer/tikz/tikz.cod
e.tex
Package: tikz 2020/01/08 v3.1.5b (3.1.5b)

(/usr/local/texlive/2020/texmf-dist/tex/generic/pgf/libraries/pgflibraryplothan
dlers.code.tex
File: pgflibraryplothandlers.code.tex 2020/01/08 v3.1.5b (3.1.5b)
\pgf@plot@mark@count=\count274
\pgfplotmarksize=\dimen190
)
\tikz@lastx=\dimen191
\tikz@lasty=\dimen192
\tikz@lastxsaved=\dimen193
\tikz@lastysaved=\dimen194
\tikz@lastmovetox=\dimen195
\tikz@lastmovetoy=\dimen196
\tikzleveldistance=\dimen197
\tikzsiblingdistance=\dimen198
\tikz@figbox=\box55
\tikz@figbox@bg=\box56
\tikz@tempbox=\box57
\tikz@tempbox@bg=\box58
\tikztreelevel=\count275
\tikznumberofchildren=\count276
\tikznumberofcurrentchild=\count277
\tikz@fig@count=\count278

(/usr/local/texlive/2020/texmf-dist/tex/generic/pgf/modules/pgfmodulematrix.cod
e.tex
File: pgfmodulematrix.code.tex 2020/01/08 v3.1.5b (3.1.5b)
\pgfmatrixcurrentrow=\count279
\pgfmatrixcurrentcolumn=\count280
\pgf@matrix@numberofcolumns=\count281
)
\tikz@expandcount=\count282

(/usr/local/texlive/2020/texmf-dist/tex/generic/pgf/frontendlayer/tikz/librarie
s/tikzlibrarytopaths.code.tex
File: tikzlibrarytopaths.code.tex 2020/01/08 v3.1.5b (3.1.5b)
)))
(/usr/local/texlive/2020/texmf-dist/tex/generic/pgf/frontendlayer/tikz/librarie
s/tikzlibraryshapes.code.tex
File: tikzlibraryshapes.code.tex 2020/01/08 v3.1.5b (3.1.5b)

(/usr/local/texlive/2020/texmf-dist/tex/generic/pgf/frontendlayer/tikz/librarie
s/tikzlibraryshapes.geometric.code.tex
File: tikzlibraryshapes.geometric.code.tex 2020/01/08 v3.1.5b (3.1.5b)

(/usr/local/texlive/2020/texmf-dist/tex/generic/pgf/libraries/shapes/pgflibrary
shapes.geometric.code.tex
File: pgflibraryshapes.geometric.code.tex 2020/01/08 v3.1.5b (3.1.5b)
))
(/usr/local/texlive/2020/texmf-dist/tex/generic/pgf/frontendlayer/tikz/librarie
s/tikzlibraryshapes.misc.code.tex
File: tikzlibraryshapes.misc.code.tex 2020/01/08 v3.1.5b (3.1.5b)

(/usr/local/texlive/2020/texmf-dist/tex/generic/pgf/libraries/shapes/pgflibrary
shapes.misc.code.tex
File: pgflibraryshapes.misc.code.tex 2020/01/08 v3.1.5b (3.1.5b)
))
(/usr/local/texlive/2020/texmf-dist/tex/generic/pgf/frontendlayer/tikz/librarie
s/tikzlibraryshapes.symbols.code.tex
File: tikzlibraryshapes.symbols.code.tex 2020/01/08 v3.1.5b (3.1.5b)

(/usr/local/texlive/2020/texmf-dist/tex/generic/pgf/libraries/shapes/pgflibrary
shapes.symbols.code.tex
File: pgflibraryshapes.symbols.code.tex 2020/01/08 v3.1.5b (3.1.5b)
))
(/usr/local/texlive/2020/texmf-dist/tex/generic/pgf/frontendlayer/tikz/librarie
s/tikzlibraryshapes.arrows.code.tex
File: tikzlibraryshapes.arrows.code.tex 2020/01/08 v3.1.5b (3.1.5b)

(/usr/local/texlive/2020/texmf-dist/tex/generic/pgf/libraries/shapes/pgflibrary
shapes.arrows.code.tex
File: pgflibraryshapes.arrows.code.tex 2020/01/08 v3.1.5b (3.1.5b)
))
(/usr/local/texlive/2020/texmf-dist/tex/generic/pgf/frontendlayer/tikz/librarie
s/tikzlibraryshapes.callouts.code.tex
(/usr/local/texlive/2020/texmf-dist/tex/generic/pgf/libraries/shapes/pgflibrary
shapes.callouts.code.tex))
(/usr/local/texlive/2020/texmf-dist/tex/generic/pgf/frontendlayer/tikz/librarie
s/tikzlibraryshapes.multipart.code.tex
File: tikzlibraryshapes.multipart.code.tex 2020/01/08 v3.1.5b (3.1.5b)

(/usr/local/texlive/2020/texmf-dist/tex/generic/pgf/libraries/shapes/pgflibrary
shapes.multipart.code.tex
File: pgflibraryshapes.multipart.code.tex 2020/01/08 v3.1.5b (3.1.5b)
\pgfnodepartlowerbox=\box59
\pgfnodeparttwobox=\box60
\pgfnodepartthreebox=\box61
\pgfnodepartfourbox=\box62
\pgfnodeparttwentybox=\box63
\pgfnodepartnineteenbox=\box64
\pgfnodeparteighteenbox=\box65
\pgfnodepartseventeenbox=\box66
\pgfnodepartsixteenbox=\box67
\pgfnodepartfifteenbox=\box68
\pgfnodepartfourteenbox=\box69
\pgfnodepartthirteenbox=\box70
\pgfnodeparttwelvebox=\box71
\pgfnodepartelevenbox=\box72
\pgfnodeparttenbox=\box73
\pgfnodepartninebox=\box74
\pgfnodeparteightbox=\box75
\pgfnodepartsevenbox=\box76
\pgfnodepartsixbox=\box77
\pgfnodepartfivebox=\box78
))) (/usr/local/texlive/2020/texmf-dist/tex/latex/natbib/natbib.sty
Package: natbib 2010/09/13 8.31b (PWD, AO)
\bibhang=\skip52
\bibsep=\skip53
LaTeX Info: Redefining \cite on input line 694.
\c@NAT@ctr=\count283
) (/usr/local/texlive/2020/texmf-dist/tex/latex/hyperref/hyperref.sty
Package: hyperref 2020-05-15 v7.00e Hypertext links for LaTeX
(/usr/local/texlive/2020/texmf-dist/tex/generic/ltxcmds/ltxcmds.sty
Package: ltxcmds 2019/12/15 v1.24 LaTeX kernel commands for general use (HO)
) (/usr/local/texlive/2020/texmf-dist/tex/generic/iftex/iftex.sty
Package: iftex 2020/03/06 v1.0d TeX engine tests
) (/usr/local/texlive/2020/texmf-dist/tex/generic/pdftexcmds/pdftexcmds.sty
Package: pdftexcmds 2020-06-27 v0.33 Utility functions of pdfTeX for LuaTeX (HO
)
(/usr/local/texlive/2020/texmf-dist/tex/generic/infwarerr/infwarerr.sty
Package: infwarerr 2019/12/03 v1.5 Providing info/warning/error messages (HO)
)
Package pdftexcmds Info: \pdf@primitive is available.
Package pdftexcmds Info: \pdf@ifprimitive is available.
Package pdftexcmds Info: \pdfdraftmode is ignored in DVI mode.
) (/usr/local/texlive/2020/texmf-dist/tex/generic/kvsetkeys/kvsetkeys.sty
Package: kvsetkeys 2019/12/15 v1.18 Key value parser (HO)
) (/usr/local/texlive/2020/texmf-dist/tex/generic/kvdefinekeys/kvdefinekeys.sty
Package: kvdefinekeys 2019-12-19 v1.6 Define keys (HO)
) (/usr/local/texlive/2020/texmf-dist/tex/generic/pdfescape/pdfescape.sty
Package: pdfescape 2019/12/09 v1.15 Implements pdfTeX's escape features (HO)
) (/usr/local/texlive/2020/texmf-dist/tex/latex/hycolor/hycolor.sty
Package: hycolor 2020-01-27 v1.10 Color options for hyperref/bookmark (HO)
) (/usr/local/texlive/2020/texmf-dist/tex/latex/letltxmacro/letltxmacro.sty
Package: letltxmacro 2019/12/03 v1.6 Let assignment for LaTeX macros (HO)
) (/usr/local/texlive/2020/texmf-dist/tex/latex/auxhook/auxhook.sty
Package: auxhook 2019-12-17 v1.6 Hooks for auxiliary files (HO)

Package auxhook Warning: Cannot patch \document,
(auxhook)                using \AtBeginDocument instead.

) (/usr/local/texlive/2020/texmf-dist/tex/latex/kvoptions/kvoptions.sty
Package: kvoptions 2019/11/29 v3.13 Key value format for package options (HO)
)
\@linkdim=\dimen199
\Hy@linkcounter=\count284
\Hy@pagecounter=\count285
(/usr/local/texlive/2020/texmf-dist/tex/latex/hyperref/pd1enc.def
File: pd1enc.def 2020-05-15 v7.00e Hyperref: PDFDocEncoding definition (HO)
Now handling font encoding PD1 ...
... no UTF-8 mapping file for font encoding PD1
) (/usr/local/texlive/2020/texmf-dist/tex/generic/intcalc/intcalc.sty
Package: intcalc 2019/12/15 v1.3 Expandable calculations with integers (HO)
) (/usr/local/texlive/2020/texmf-dist/tex/generic/etexcmds/etexcmds.sty
Package: etexcmds 2019/12/15 v1.7 Avoid name clashes with e-TeX commands (HO)
)
\Hy@SavedSpaceFactor=\count286
Package hyperref Info: Option `colorlinks' set `true' on input line 4338.
Package hyperref Info: Hyper figures OFF on input line 4464.
Package hyperref Info: Link nesting OFF on input line 4469.
Package hyperref Info: Hyper index ON on input line 4472.
Package hyperref Info: Plain pages OFF on input line 4479.
Package hyperref Info: Backreferencing OFF on input line 4484.
Package hyperref Info: Implicit mode ON; LaTeX internals redefined.
Package hyperref Info: Bookmarks ON on input line 4717.
\c@Hy@tempcnt=\count287
(/usr/local/texlive/2020/texmf-dist/tex/latex/url/url.sty
\Urlmuskip=\muskip17
Package: url 2013/09/16  ver 3.4  Verb mode for urls, etc.
)
LaTeX Info: Redefining \url on input line 5076.
\XeTeXLinkMargin=\dimen256
(/usr/local/texlive/2020/texmf-dist/tex/generic/bitset/bitset.sty
Package: bitset 2019/12/09 v1.3 Handle bit-vector datatype (HO)
(/usr/local/texlive/2020/texmf-dist/tex/generic/bigintcalc/bigintcalc.sty
Package: bigintcalc 2019/12/15 v1.5 Expandable calculations on big integers (HO
)
))
\Fld@menulength=\count288
\Field@Width=\dimen257
\Fld@charsize=\dimen258
\Field@toks=\toks36
Package hyperref Info: Hyper figures OFF on input line 6347.
Package hyperref Info: Link nesting OFF on input line 6352.
Package hyperref Info: Hyper index ON on input line 6355.
Package hyperref Info: backreferencing OFF on input line 6362.
Package hyperref Info: Link coloring ON on input line 6365.
Package hyperref Info: Link coloring with OCG OFF on input line 6372.
Package hyperref Info: PDF/A mode OFF on input line 6377.
LaTeX Info: Redefining \ref on input line 6417.
LaTeX Info: Redefining \pageref on input line 6421.
(/usr/local/texlive/2020/texmf-dist/tex/generic/atbegshi/atbegshi.sty
Package: atbegshi 2019/12/05 v1.19 At begin shipout hook (HO)
)
\Hy@abspage=\count289

Package hyperref Message: Stopped early.

)
Package hyperref Info: Driver: htex4ht.
(/usr/local/texlive/2020/texmf-dist/tex/latex/hyperref/htex4ht.def
File: htex4ht.def 2020-05-15 v7.00e Hyperref driver for TeX4ht
Package hyperref Info: tex4ht is already loaded.
) (/compile/my.cfg (/usr/local/texlive/2020/texmf-dist/tex/generic/tex4ht/tex4h
t.4ht
version 2020-03-12-14:03
--------------------------------------
--- Note --- for additional information, use the command line option `info'
--------------------------------------
::::::::::::::::::::::::::::::::::::::::::
 TeX4ht info is available in the log file 
::::::::::::::::::::::::::::::::::::::::::
) (/usr/local/texlive/2020/texmf-dist/tex/generic/tex4ht/tex4ht.sty
version 2020-04-15-14:52
--- needs --- tex4ht main ---
\tmp:cnt=\count290
\openout15 = `main.tmp'.

(/compile/main.tmp)
\tmp:dim=\skip54
(/compile/main.xref)
\:refout=\write4
\openout4 = `main.xref'.

(/usr/local/texlive/2020/texmf-dist/tex/generic/tex4ht/html4.4ht
version 2020-07-17-14:16
--------------------------------------
--- Note --- to remove the <?xml version=...?> processing instruction use the c
ommand line option `no-VERSION'
--------------------------------------
--------------------------------------
--- Note --- to remove the DOCTYPE declaration use the command line option `no-
DOCTYPE'
--------------------------------------
) (/usr/local/texlive/2020/texmf-dist/tex/generic/tex4ht/unicode.4ht
version 2019-12-28-14:40
) (/usr/local/texlive/2020/texmf-dist/tex/generic/tex4ht/mathml.4ht
version 2020-07-02-14:25
) (/usr/local/texlive/2020/texmf-dist/tex/generic/tex4ht/html-mml.4ht
version 2020-03-06-15:07
) (/usr/local/texlive/2020/texmf-dist/tex/generic/tex4ht/html5.4ht
version 2020-04-13-14:20
)
--------------------------------------
--- Note --- for marking of the base font, use the command line option `fonts+'

--------------------------------------
--------------------------------------
--- Note --- for non active _, use the command line option `no_'
--------------------------------------
--------------------------------------
--- Note --- for _ of catcode 13, use the command line option `_13'
--------------------------------------
--------------------------------------
--- Note --- for non active ^, use the command line option `no^'
--------------------------------------
--------------------------------------
--- Note --- for ^ of catcode 13, use the command line option `^13'
--------------------------------------
(/usr/local/texlive/2020/texmf-dist/tex/generic/tex4ht/html4.4ht
version 2020-07-17-14:16
--------------------------------------
--- Note --- to ignore CSS font decoration, use the `NoFonts' command line opti
on
--------------------------------------
--------------------------------------
--- Note --- for jpg bitmaps of pictures, use the `jpg' command line option. (C
haracter bitmaps are controled only by `g' records of tex4ht.env and `-g' switc
hes of tex4ht.c) 
--------------------------------------
--------------------------------------
--- Note --- for gif bitmaps of pictures, use the `gif' command line option. (C
haracter bitmaps are controled only by `g' records of tex4ht.env and `-g' switc
hes of tex4ht.c) 
--------------------------------------
--------------------------------------
--- Note --- for content and toc in 2 frames, use the command line option `fram
es'
--------------------------------------
--------------------------------------
--- Note --- for content, toc, and footnotes in 3 frames, use the command line 
option `frames-fn'
--------------------------------------
--------------------------------------
--- Note --- for file extension name xht, use the command line option `xht'
--------------------------------------
TeX4ht package options: charset=utf-8,html5,html,xhtml,mathml
--------------------------------------
--- Note --- To print a timestamp, use the command line option timestamp
--------------------------------------
--------------------------------------
--- Note --- to ignore CSS code, use the command line option `-css
--------------------------------------
--------------------------------------
--- Note --- for inline CSS code, use the command line option `css-in'
--------------------------------------
--------------------------------------
--- Note --- for pop ups on mouse over, use the command line option `mouseover'

--------------------------------------
--------------------------------------
--- Note --- for addressing images in a subdirectory, use the command line opti
on `imgdir:.../'
--------------------------------------
) (/usr/local/texlive/2020/texmf-dist/tex/generic/tex4ht/unicode.4ht
version 2019-12-28-14:40
) (/usr/local/texlive/2020/texmf-dist/tex/generic/tex4ht/mathml.4ht
version 2020-07-02-14:25
) (/usr/local/texlive/2020/texmf-dist/tex/generic/tex4ht/html-mml.4ht
version 2020-03-06-15:07
) (/usr/local/texlive/2020/texmf-dist/tex/generic/tex4ht/html5.4ht
version 2020-04-13-14:20
--------------------------------------
--- Note --- To print a timestamp, use the command line option timestamp
--------------------------------------
)
\:tokwrite=\toks37
\:tokpage=\toks38
--------------------------------------
--- Note --- for back links to toc, use the command line option `sections+'
--------------------------------------
--------------------------------------
--- Note --- for linear crosslinks of pages, use the command line option `next'

--------------------------------------
\openout15 = `main.4ct'.

\:tocout=\write5
\openout5 = `main.4tc'.

(/usr/local/texlive/2020/texmf-dist/tex/generic/tex4ht/html4.4ht
version 2020-07-17-14:16
) (/usr/local/texlive/2020/texmf-dist/tex/generic/tex4ht/unicode.4ht
version 2019-12-28-14:40
) (/usr/local/texlive/2020/texmf-dist/tex/generic/tex4ht/mathml.4ht
version 2020-07-02-14:25
) (/usr/local/texlive/2020/texmf-dist/tex/generic/tex4ht/html-mml.4ht
version 2020-03-06-15:07
) (/usr/local/texlive/2020/texmf-dist/tex/generic/tex4ht/html5.4ht
version 2020-04-13-14:20
) (/usr/local/texlive/2020/texmf-dist/tex/generic/tex4ht/latex.4ht
version 2020-06-02-14:05
LaTeX Info: Redefining \_ on input line 168.
--------------------------------------
--- Note --- for links into captions, instead of float heads, use the command l
ine option `refcaption'
--------------------------------------
(/usr/local/texlive/2020/texmf-dist/tex/generic/tex4ht/html4.4ht
version 2020-07-17-14:16
) (/usr/local/texlive/2020/texmf-dist/tex/generic/tex4ht/unicode.4ht
version 2019-12-28-14:40
) (/usr/local/texlive/2020/texmf-dist/tex/generic/tex4ht/mathml.4ht
version 2020-07-02-14:25
) (/usr/local/texlive/2020/texmf-dist/tex/generic/tex4ht/html-mml.4ht
version 2020-03-06-15:07
) (/usr/local/texlive/2020/texmf-dist/tex/generic/tex4ht/html5.4ht
version 2020-04-13-14:20
) (/usr/local/texlive/2020/texmf-dist/tex/generic/tex4ht/html4.4ht
version 2020-07-17-14:16
--------------------------------------
--- Note --- For mini tocs immediately aftter the header use the command line o
ption `minitoc<'
--------------------------------------
--------------------------------------
--- Note --- for enumerated list elements with valued data, use the command lin
e option `enumerate+'
--------------------------------------
--------------------------------------
--- Note --- for enumerated list elements li's with value attributes, use the c
ommand line option `enumerate-'
--------------------------------------
--------------------------------------
--- Note --- for CSS2 code, use the command line option `css2'
--------------------------------------
--------------------------------------
--- Note --- for pictorial tabular, use the command line option `pic-tabular'
--------------------------------------
--------------------------------------
--- Note --- for bitmap fbox'es, use the command line option `pic-fbox'
--------------------------------------
--------------------------------------
--- Note --- for bitmap framebox'es, use the command line option `pic-framebox'

--------------------------------------
--------------------------------------
--- Note --- for inline footnotes use command line option `fn-in'
--------------------------------------
--------------------------------------
--- Note --- for tracing of latex font commands, use the command line option `f
onts'
--------------------------------------
--------------------------------------
--- Note --- for width specifications of tabular p entries, use the `p-width' c
ommand line option or a configuration similar to \Configure{HColWidth}{\HCode{ 
style="width:\HColWidth"}}
--------------------------------------
) (/usr/local/texlive/2020/texmf-dist/tex/generic/tex4ht/unicode.4ht
version 2019-12-28-14:40
) (/usr/local/texlive/2020/texmf-dist/tex/generic/tex4ht/mathml.4ht
version 2020-07-02-14:25
) (/usr/local/texlive/2020/texmf-dist/tex/generic/tex4ht/html-mml.4ht
version 2020-03-06-15:07
) (/usr/local/texlive/2020/texmf-dist/tex/generic/tex4ht/html5.4ht
version 2020-04-13-14:20
)) (/usr/local/texlive/2020/texmf-dist/tex/generic/tex4ht/fontmath.4ht
version 2018-11-06-15:55
(/usr/local/texlive/2020/texmf-dist/tex/generic/tex4ht/html4.4ht
version 2020-07-17-14:16
) (/usr/local/texlive/2020/texmf-dist/tex/generic/tex4ht/unicode.4ht
version 2019-12-28-14:40
) (/usr/local/texlive/2020/texmf-dist/tex/generic/tex4ht/mathml.4ht
version 2020-07-02-14:25
\tmp:bx=\box79
[1

]
LaTeX Font Info:    Trying to load font information for U+msa on input line 139
7.
(/usr/local/texlive/2020/texmf-dist/tex/latex/amsfonts/umsa.fd
File: umsa.fd 2013/01/14 v3.01 AMS symbols A
)
LaTeX Font Info:    Trying to load font information for U+msb on input line 139
7.
(/usr/local/texlive/2020/texmf-dist/tex/latex/amsfonts/umsb.fd
File: umsb.fd 2013/01/14 v3.01 AMS symbols B
) [2] [3] [4] [5] [6] [7] [8] [9] [10] [11] [12] [13] [14] [15] [16] [17] [18] 
[19] [20] [21] [22] [23] [24] [25] [26] [27] [28] [29] [30] [31] [32] [33] [34]
[35] [36] [37] [38] [39] [40] [41] [42] [43] [44] [45] [46] [47] [48]
--------------------------------------
--- Note --- for sources failing to produce clean mathml code, try the command 
line option `mathml-'
--------------------------------------
[49] [50] [51] [52] [53]) (/usr/local/texlive/2020/texmf-dist/tex/generic/tex4h
t/html-mml.4ht
version 2020-03-06-15:07
) (/usr/local/texlive/2020/texmf-dist/tex/generic/tex4ht/html5.4ht
version 2020-04-13-14:20
)) (/usr/local/texlive/2020/texmf-dist/tex/generic/tex4ht/article.4ht (/usr/loc
al/texlive/2020/texmf-dist/tex/generic/tex4ht/html4.4ht
version 2020-07-17-14:16
--------------------------------------
--- Note --- for automatic sectioning pagination, use the command line option `
1', `2', `3', '4', '5', '6', or '7'
--------------------------------------
--------------------------------------
--- Note --- for files named derived from section titles, use the command line 
option `sec-filename'
--------------------------------------
--------------------------------------
--- Note --- for i-columns index, use the command line option `index=i' (e.g., 
index=2)
--------------------------------------
) (/usr/local/texlive/2020/texmf-dist/tex/generic/tex4ht/unicode.4ht
version 2019-12-28-14:40
) (/usr/local/texlive/2020/texmf-dist/tex/generic/tex4ht/mathml.4ht
version 2020-07-02-14:25
) (/usr/local/texlive/2020/texmf-dist/tex/generic/tex4ht/html-mml.4ht
version 2020-03-06-15:07
) (/usr/local/texlive/2020/texmf-dist/tex/generic/tex4ht/html5.4ht
version 2020-04-13-14:20
)) (/usr/local/texlive/2020/texmf-dist/tex/generic/tex4ht/babel.4ht (/usr/local
/texlive/2020/texmf-dist/tex/generic/tex4ht/html4.4ht
version 2020-07-17-14:16
) (/usr/local/texlive/2020/texmf-dist/tex/generic/tex4ht/unicode.4ht
version 2019-12-28-14:40
) (/usr/local/texlive/2020/texmf-dist/tex/generic/tex4ht/mathml.4ht
version 2020-07-02-14:25
) (/usr/local/texlive/2020/texmf-dist/tex/generic/tex4ht/html-mml.4ht
version 2020-03-06-15:07
) (/usr/local/texlive/2020/texmf-dist/tex/generic/tex4ht/html5.4ht
version 2020-04-13-14:20
)) (/usr/local/texlive/2020/texmf-dist/tex/generic/tex4ht/english.4ht
version 2009-05-21-09:32
(/usr/local/texlive/2020/texmf-dist/tex/generic/tex4ht/html4.4ht
version 2020-07-17-14:16
) (/usr/local/texlive/2020/texmf-dist/tex/generic/tex4ht/unicode.4ht
version 2019-12-28-14:40
) (/usr/local/texlive/2020/texmf-dist/tex/generic/tex4ht/mathml.4ht
version 2020-07-02-14:25
) (/usr/local/texlive/2020/texmf-dist/tex/generic/tex4ht/html-mml.4ht
version 2020-03-06-15:07
) (/usr/local/texlive/2020/texmf-dist/tex/generic/tex4ht/html5.4ht
version 2020-04-13-14:20
)) (/usr/local/texlive/2020/texmf-dist/tex/generic/tex4ht/inputenc.4ht
version 2009-05-21-09:32
(/usr/local/texlive/2020/texmf-dist/tex/generic/tex4ht/html4.4ht
version 2020-07-17-14:16
) (/usr/local/texlive/2020/texmf-dist/tex/generic/tex4ht/unicode.4ht
version 2019-12-28-14:40
) (/usr/local/texlive/2020/texmf-dist/tex/generic/tex4ht/mathml.4ht
version 2020-07-02-14:25
) (/usr/local/texlive/2020/texmf-dist/tex/generic/tex4ht/html-mml.4ht
version 2020-03-06-15:07
) (/usr/local/texlive/2020/texmf-dist/tex/generic/tex4ht/html5.4ht
version 2020-04-13-14:20
)) (/usr/local/texlive/2020/texmf-dist/tex/generic/tex4ht/amsmath.4ht
version 2019-12-29-14:17
\tmp:muskip=\muskip18
(/usr/local/texlive/2020/texmf-dist/tex/generic/tex4ht/html4.4ht
version 2020-07-17-14:16
) (/usr/local/texlive/2020/texmf-dist/tex/generic/tex4ht/unicode.4ht
version 2019-12-28-14:40
) (/usr/local/texlive/2020/texmf-dist/tex/generic/tex4ht/mathml.4ht
version 2020-07-02-14:25
) (/usr/local/texlive/2020/texmf-dist/tex/generic/tex4ht/html-mml.4ht
version 2020-03-06-15:07
) (/usr/local/texlive/2020/texmf-dist/tex/generic/tex4ht/html5.4ht
version 2020-04-13-14:20
)) (/usr/local/texlive/2020/texmf-dist/tex/generic/tex4ht/amstext.4ht
version 2009-05-21-09:32
(/usr/local/texlive/2020/texmf-dist/tex/generic/tex4ht/html4.4ht
version 2020-07-17-14:16
) (/usr/local/texlive/2020/texmf-dist/tex/generic/tex4ht/unicode.4ht
version 2019-12-28-14:40
) (/usr/local/texlive/2020/texmf-dist/tex/generic/tex4ht/mathml.4ht
version 2020-07-02-14:25
) (/usr/local/texlive/2020/texmf-dist/tex/generic/tex4ht/html-mml.4ht
version 2020-03-06-15:07
) (/usr/local/texlive/2020/texmf-dist/tex/generic/tex4ht/html5.4ht
version 2020-04-13-14:20
)) (/usr/local/texlive/2020/texmf-dist/tex/generic/tex4ht/amsbsy.4ht
version 2009-05-21-09:32
(/usr/local/texlive/2020/texmf-dist/tex/generic/tex4ht/html4.4ht
version 2020-07-17-14:16
) (/usr/local/texlive/2020/texmf-dist/tex/generic/tex4ht/unicode.4ht
version 2019-12-28-14:40
) (/usr/local/texlive/2020/texmf-dist/tex/generic/tex4ht/mathml.4ht
version 2020-07-02-14:25
) (/usr/local/texlive/2020/texmf-dist/tex/generic/tex4ht/html-mml.4ht
version 2020-03-06-15:07
) (/usr/local/texlive/2020/texmf-dist/tex/generic/tex4ht/html5.4ht
version 2020-04-13-14:20
)) (/usr/local/texlive/2020/texmf-dist/tex/generic/tex4ht/amsopn.4ht
version 2009-05-21-09:32
(/usr/local/texlive/2020/texmf-dist/tex/generic/tex4ht/html4.4ht
version 2020-07-17-14:16
) (/usr/local/texlive/2020/texmf-dist/tex/generic/tex4ht/unicode.4ht
version 2019-12-28-14:40
) (/usr/local/texlive/2020/texmf-dist/tex/generic/tex4ht/mathml.4ht
version 2020-07-02-14:25
) (/usr/local/texlive/2020/texmf-dist/tex/generic/tex4ht/html-mml.4ht
version 2020-03-06-15:07
) (/usr/local/texlive/2020/texmf-dist/tex/generic/tex4ht/html5.4ht
version 2020-04-13-14:20
)) (/usr/local/texlive/2020/texmf-dist/tex/generic/tex4ht/amssymb.4ht
version 2009-05-21-09:32
(/usr/local/texlive/2020/texmf-dist/tex/generic/tex4ht/html4.4ht
version 2020-07-17-14:16
) (/usr/local/texlive/2020/texmf-dist/tex/generic/tex4ht/unicode.4ht
version 2019-12-28-14:40
) (/usr/local/texlive/2020/texmf-dist/tex/generic/tex4ht/mathml.4ht
version 2020-07-02-14:25
[54] [55] [56] [57] [58] [59] [60] [61] [62] [63] [64] [65] [66] [67] [68] [69]
[70] [71] [72] [73] [74] [75] [76] [77] [78] [79] [80] [81] [82] [83] [84] [85]
[86] [87] [88] [89] [90] [91] [92] [93] [94] [95] [96] [97] [98] [99] [100] [10
1] [102] [103] [104] [105] [106] [107] [108] [109] [110] [111] [112] [113] [114
] [115] [116] [117] [118] [119] [120] [121] [122] [123] [124] [125] [126] [127]
[128] [129] [130] [131] [132] [133] [134] [135] [136] [137] [138] [139] [140] [
141] [142] [143] [144] [145] [146] [147] [148] [149] [150] [151] [152] [153] [1
54] [155] [156] [157] [158] [159] [160] [161] [162] [163] [164] [165] [166] [16
7] [168] [169] [170] [171] [172] [173] [174] [175] [176] [177] [178] [179] [180
] [181] [182] [183] [184] [185] [186] [187] [188] [189] [190] [191] [192] [193]
[194] [195] [196] [197] [198] [199] [200] [201] [202] [203] [204] [205] [206] [
207] [208] [209] [210] [211] [212] [213] [214] [215] [216] [217] [218] [219] [2
20] [221] [222] [223] [224] [225] [226] [227] [228] [229] [230] [231] [232] [23
3] [234] [235] [236] [237] [238] [239] [240] [241] [242] [243] [244] [245] [246
] [247] [248] [249] [250] [251] [252] [253] [254] [255] [256] [257]) (/usr/loca
l/texlive/2020/texmf-dist/tex/generic/tex4ht/html-mml.4ht
version 2020-03-06-15:07
) (/usr/local/texlive/2020/texmf-dist/tex/generic/tex4ht/html5.4ht
version 2020-04-13-14:20
)) (/usr/local/texlive/2020/texmf-dist/tex/generic/tex4ht/amsfonts.4ht
version 2009-05-21-09:32
(/usr/local/texlive/2020/texmf-dist/tex/generic/tex4ht/html4.4ht
version 2020-07-17-14:16
) (/usr/local/texlive/2020/texmf-dist/tex/generic/tex4ht/unicode.4ht
version 2019-12-28-14:40
) (/usr/local/texlive/2020/texmf-dist/tex/generic/tex4ht/mathml.4ht
version 2020-07-02-14:25
) (/usr/local/texlive/2020/texmf-dist/tex/generic/tex4ht/html-mml.4ht
version 2020-03-06-15:07
) (/usr/local/texlive/2020/texmf-dist/tex/generic/tex4ht/html5.4ht
version 2020-04-13-14:20
)) (/usr/local/texlive/2020/texmf-dist/tex/generic/tex4ht/graphicx.4ht
version 2018-10-01-14:24
(/usr/local/texlive/2020/texmf-dist/tex/generic/tex4ht/html4.4ht
version 2020-07-17-14:16
) (/usr/local/texlive/2020/texmf-dist/tex/generic/tex4ht/unicode.4ht
version 2019-12-28-14:40
) (/usr/local/texlive/2020/texmf-dist/tex/generic/tex4ht/mathml.4ht
version 2020-07-02-14:25
) (/usr/local/texlive/2020/texmf-dist/tex/generic/tex4ht/html-mml.4ht
version 2020-03-06-15:07
) (/usr/local/texlive/2020/texmf-dist/tex/generic/tex4ht/html5.4ht
version 2020-04-13-14:20
)) (/usr/local/texlive/2020/texmf-dist/tex/generic/tex4ht/graphics.4ht (/usr/lo
cal/texlive/2020/texmf-dist/tex/generic/tex4ht/html4.4ht
version 2020-07-17-14:16
--------------------------------------
--- Note --- if included graphics are of degraded quality, try the command line
 options `graphics-num' or `graphics-'. The `num' should provide the density of
 pixels in the bitmaps (e.g., 110). 
--------------------------------------
--------------------------------------
--- Note --- for key dimensions try the option `Gin-dim'; for key dimensions wh
en bounding box is unavailable try `Gin-dim+'; neither is recommended
--------------------------------------
) (/usr/local/texlive/2020/texmf-dist/tex/generic/tex4ht/unicode.4ht
version 2019-12-28-14:40
) (/usr/local/texlive/2020/texmf-dist/tex/generic/tex4ht/mathml.4ht
version 2020-07-02-14:25
) (/usr/local/texlive/2020/texmf-dist/tex/generic/tex4ht/html-mml.4ht
version 2020-03-06-15:07
) (/usr/local/texlive/2020/texmf-dist/tex/generic/tex4ht/html5.4ht
version 2020-04-13-14:20
)) (/usr/local/texlive/2020/texmf-dist/tex/generic/tex4ht/dvips.4ht
version 2009-05-21-09:32
(/usr/local/texlive/2020/texmf-dist/tex/generic/tex4ht/html4.4ht
version 2020-07-17-14:16
) (/usr/local/texlive/2020/texmf-dist/tex/generic/tex4ht/unicode.4ht
version 2019-12-28-14:40
) (/usr/local/texlive/2020/texmf-dist/tex/generic/tex4ht/mathml.4ht
version 2020-07-02-14:25
) (/usr/local/texlive/2020/texmf-dist/tex/generic/tex4ht/html-mml.4ht
version 2020-03-06-15:07
) (/usr/local/texlive/2020/texmf-dist/tex/generic/tex4ht/html5.4ht
version 2020-04-13-14:20
)) (/usr/local/texlive/2020/texmf-dist/tex/generic/tex4ht/pgf.4ht
version 2009-05-21-09:32
(/usr/local/texlive/2020/texmf-dist/tex/generic/tex4ht/html4.4ht
version 2020-07-17-14:16
) (/usr/local/texlive/2020/texmf-dist/tex/generic/tex4ht/unicode.4ht
version 2019-12-28-14:40
) (/usr/local/texlive/2020/texmf-dist/tex/generic/tex4ht/mathml.4ht
version 2020-07-02-14:25
) (/usr/local/texlive/2020/texmf-dist/tex/generic/tex4ht/html-mml.4ht
version 2020-03-06-15:07
) (/usr/local/texlive/2020/texmf-dist/tex/generic/tex4ht/html5.4ht
version 2020-04-13-14:20
)) (/usr/local/texlive/2020/texmf-dist/tex/generic/tex4ht/everyshi.4ht
version 2009-05-21-09:32
(/usr/local/texlive/2020/texmf-dist/tex/generic/tex4ht/html4.4ht
version 2020-07-17-14:16
) (/usr/local/texlive/2020/texmf-dist/tex/generic/tex4ht/unicode.4ht
version 2019-12-28-14:40
) (/usr/local/texlive/2020/texmf-dist/tex/generic/tex4ht/mathml.4ht
version 2020-07-02-14:25
) (/usr/local/texlive/2020/texmf-dist/tex/generic/tex4ht/html-mml.4ht
version 2020-03-06-15:07
) (/usr/local/texlive/2020/texmf-dist/tex/generic/tex4ht/html5.4ht
version 2020-04-13-14:20
)) (/usr/local/texlive/2020/texmf-dist/tex/generic/tex4ht/xcolor.4ht
version 2019-04-09-10:06
(/usr/local/texlive/2020/texmf-dist/tex/generic/tex4ht/color.4ht (/usr/local/te
xlive/2020/texmf-dist/tex/generic/tex4ht/html4.4ht
version 2020-07-17-14:16
) (/usr/local/texlive/2020/texmf-dist/tex/generic/tex4ht/unicode.4ht
version 2019-12-28-14:40
) (/usr/local/texlive/2020/texmf-dist/tex/generic/tex4ht/mathml.4ht
version 2020-07-02-14:25
) (/usr/local/texlive/2020/texmf-dist/tex/generic/tex4ht/html-mml.4ht
version 2020-03-06-15:07
) (/usr/local/texlive/2020/texmf-dist/tex/generic/tex4ht/html5.4ht
version 2020-04-13-14:20
)) (/usr/local/texlive/2020/texmf-dist/tex/generic/tex4ht/html4.4ht
version 2020-07-17-14:16
) (/usr/local/texlive/2020/texmf-dist/tex/generic/tex4ht/unicode.4ht
version 2019-12-28-14:40
) (/usr/local/texlive/2020/texmf-dist/tex/generic/tex4ht/mathml.4ht
version 2020-07-02-14:25
) (/usr/local/texlive/2020/texmf-dist/tex/generic/tex4ht/html-mml.4ht
version 2020-03-06-15:07
) (/usr/local/texlive/2020/texmf-dist/tex/generic/tex4ht/html5.4ht
version 2020-04-13-14:20
)) (/usr/local/texlive/2020/texmf-dist/tex/generic/tex4ht/color.4ht) (/usr/loca
l/texlive/2020/texmf-dist/tex/generic/tex4ht/natbib.4ht (/usr/local/texlive/202
0/texmf-dist/tex/generic/tex4ht/html4.4ht
version 2020-07-17-14:16
) (/usr/local/texlive/2020/texmf-dist/tex/generic/tex4ht/unicode.4ht
version 2019-12-28-14:40
) (/usr/local/texlive/2020/texmf-dist/tex/generic/tex4ht/mathml.4ht
version 2020-07-02-14:25
) (/usr/local/texlive/2020/texmf-dist/tex/generic/tex4ht/html-mml.4ht
version 2020-03-06-15:07
) (/usr/local/texlive/2020/texmf-dist/tex/generic/tex4ht/html5.4ht
version 2020-04-13-14:20
)) (/usr/local/texlive/2020/texmf-dist/tex/generic/tex4ht/hyperref.4ht
version 2019-09-14-15:17
(/usr/local/texlive/2020/texmf-dist/tex/latex/hyperref/nameref.sty
Package: nameref 2019/09/16 v2.46 Cross-referencing by name of section
(/usr/local/texlive/2020/texmf-dist/tex/latex/refcount/refcount.sty
Package: refcount 2019/12/15 v3.6 Data extraction from label references (HO)
)
(/usr/local/texlive/2020/texmf-dist/tex/generic/gettitlestring/gettitlestring.s
ty
Package: gettitlestring 2019/12/15 v1.6 Cleanup title references (HO)
)
\c@section@level=\count291
) (/usr/local/texlive/2020/texmf-dist/tex/generic/tex4ht/nameref.4ht
version 2019-12-23-13:36
(/usr/local/texlive/2020/texmf-dist/tex/generic/tex4ht/html4.4ht
version 2020-07-17-14:16
) (/usr/local/texlive/2020/texmf-dist/tex/generic/tex4ht/unicode.4ht
version 2019-12-28-14:40
) (/usr/local/texlive/2020/texmf-dist/tex/generic/tex4ht/mathml.4ht
version 2020-07-02-14:25
) (/usr/local/texlive/2020/texmf-dist/tex/generic/tex4ht/html-mml.4ht
version 2020-03-06-15:07
) (/usr/local/texlive/2020/texmf-dist/tex/generic/tex4ht/html5.4ht
version 2020-04-13-14:20
))
LaTeX Info: Redefining \autoref on input line 95.
\Hy@SectionHShift=\skip55
(/usr/local/texlive/2020/texmf-dist/tex/generic/tex4ht/html4.4ht
version 2020-07-17-14:16
) (/usr/local/texlive/2020/texmf-dist/tex/generic/tex4ht/unicode.4ht
version 2019-12-28-14:40
) (/usr/local/texlive/2020/texmf-dist/tex/generic/tex4ht/mathml.4ht
version 2020-07-02-14:25
) (/usr/local/texlive/2020/texmf-dist/tex/generic/tex4ht/html-mml.4ht
version 2020-03-06-15:07
) (/usr/local/texlive/2020/texmf-dist/tex/generic/tex4ht/html5.4ht
version 2020-04-13-14:20
)) (/usr/local/texlive/2020/texmf-dist/tex/generic/tex4ht/pd1enc.4ht
version 2009-05-21-09:32
(/usr/local/texlive/2020/texmf-dist/tex/generic/tex4ht/html4.4ht
version 2020-07-17-14:16
) (/usr/local/texlive/2020/texmf-dist/tex/generic/tex4ht/unicode.4ht
version 2019-12-28-14:40
) (/usr/local/texlive/2020/texmf-dist/tex/generic/tex4ht/mathml.4ht
version 2020-07-02-14:25
) (/usr/local/texlive/2020/texmf-dist/tex/generic/tex4ht/html-mml.4ht
version 2020-03-06-15:07
) (/usr/local/texlive/2020/texmf-dist/tex/generic/tex4ht/html5.4ht
version 2020-04-13-14:20
)) (/usr/local/texlive/2020/texmf-dist/tex/generic/tex4ht/url.4ht
version 2009-05-21-09:32
(/usr/local/texlive/2020/texmf-dist/tex/generic/tex4ht/html4.4ht
version 2020-07-17-14:16
--------------------------------------
--- Note --- for URL encoding within href use the command line option `url-enc'

--------------------------------------
) (/usr/local/texlive/2020/texmf-dist/tex/generic/tex4ht/unicode.4ht
version 2019-12-28-14:40
) (/usr/local/texlive/2020/texmf-dist/tex/generic/tex4ht/mathml.4ht
version 2020-07-02-14:25
) (/usr/local/texlive/2020/texmf-dist/tex/generic/tex4ht/html-mml.4ht
version 2020-03-06-15:07
) (/usr/local/texlive/2020/texmf-dist/tex/generic/tex4ht/html5.4ht
version 2020-04-13-14:20
)) (/usr/local/texlive/2020/texmf-dist/tex/generic/tex4ht/html4.4ht
version 2020-07-17-14:16
) (/usr/local/texlive/2020/texmf-dist/tex/generic/tex4ht/unicode.4ht
version 2019-12-28-14:40
) (/usr/local/texlive/2020/texmf-dist/tex/generic/tex4ht/mathml.4ht
version 2020-07-02-14:25
) (/usr/local/texlive/2020/texmf-dist/tex/generic/tex4ht/html-mml.4ht
version 2020-03-06-15:07
) (/usr/local/texlive/2020/texmf-dist/tex/generic/tex4ht/html5.4ht
version 2020-04-13-14:20
)) (/usr/local/texlive/2020/texmf-dist/tex/latex/l3backend/l3backend-dvips.def
File: l3backend-dvips.def 2020-06-29 L3 backend support: dvips
\l__pdf_internal_box=\box80
\g__pdf_backend_object_int=\count292
\l__pdf_backend_content_box=\box81
\l__pdf_backend_model_box=\box82
\g__pdf_backend_annotation_int=\count293
\g__pdf_backend_link_int=\count294
\g__pdf_backend_link_sf_int=\count295
) (/compile/main.aux)
\openout1 = `main.aux'.

LaTeX Font Info:    Checking defaults for OML/cmm/m/it on input line 114.
LaTeX Font Info:    ... okay on input line 114.
LaTeX Font Info:    Checking defaults for OMS/cmsy/m/n on input line 114.
LaTeX Font Info:    ... okay on input line 114.
LaTeX Font Info:    Checking defaults for OT1/cmr/m/n on input line 114.
LaTeX Font Info:    ... okay on input line 114.
LaTeX Font Info:    Checking defaults for T1/cmr/m/n on input line 114.
LaTeX Font Info:    ... okay on input line 114.
LaTeX Font Info:    Checking defaults for TS1/cmr/m/n on input line 114.
LaTeX Font Info:    ... okay on input line 114.
LaTeX Font Info:    Checking defaults for OMX/cmex/m/n on input line 114.
LaTeX Font Info:    ... okay on input line 114.
LaTeX Font Info:    Checking defaults for U/cmr/m/n on input line 114.
LaTeX Font Info:    ... okay on input line 114.
LaTeX Font Info:    Checking defaults for PD1/pdf/m/n on input line 114.
LaTeX Font Info:    ... okay on input line 114.
\AtBeginShipoutBox=\box83
Package hyperref Info: Link coloring ON on input line 114.
LaTeX Info: Redefining \ref on input line 114.
LaTeX Info: Redefining \pageref on input line 114.
LaTeX Info: Redefining \nameref on input line 114.
--- file main.css ---
) [1] [2] [3] [4] [5] [6

]
l.72 --- TeX4ht warning --- File `"frog.xbb"' not found ---
l.72 --- TeX4ht warning --- Cannot determine size of graphic in "frog.xbb" (no 
BoundingBox) ---
l. 72 --- needs --- frog.jpg ---
[7

] [8

] [9

]
l.78 --- TeX4ht warning --- File `"overleaf.xbb"' not found ---
l.78 --- TeX4ht warning --- Cannot determine size of graphic in "overleaf.xbb" 
(no BoundingBox) ---
l. 78 --- needs --- overleaf.png ---
[10

] [11

] [12

] [13

] [14

] [15] [16

]
Missing character: There is no a in font nullfont!
Missing character: There is no b in font nullfont!
Missing character: There is no c in font nullfont!
Missing character: There is no d in font nullfont!
Missing character: There is no e in font nullfont!
Missing character: There is no f in font nullfont!
Missing character: There is no g in font nullfont!
Missing character: There is no h in font nullfont!
Missing character: There is no i in font nullfont!
Missing character: There is no j in font nullfont!
Missing character: There is no k in font nullfont!
Missing character: There is no l in font nullfont!
Missing character: There is no m in font nullfont!
Missing character: There is no n in font nullfont!
Missing character: There is no o in font nullfont!
Missing character: There is no p in font nullfont!
Missing character: There is no q in font nullfont!
Missing character: There is no r in font nullfont!
Missing character: There is no s in font nullfont!
Missing character: There is no t in font nullfont!
Missing character: There is no u in font nullfont!
Missing character: There is no v in font nullfont!
Missing character: There is no w in font nullfont!
Missing character: There is no x in font nullfont!
Missing character: There is no y in font nullfont!
Missing character: There is no z in font nullfont!
Missing character: There is no A in font nullfont!
Missing character: There is no B in font nullfont!
Missing character: There is no C in font nullfont!
Missing character: There is no D in font nullfont!
Missing character: There is no E in font nullfont!
Missing character: There is no F in font nullfont!
Missing character: There is no G in font nullfont!
Missing character: There is no H in font nullfont!
Missing character: There is no I in font nullfont!
Missing character: There is no J in font nullfont!
Missing character: There is no K in font nullfont!
Missing character: There is no L in font nullfont!
Missing character: There is no M in font nullfont!
Missing character: There is no N in font nullfont!
Missing character: There is no O in font nullfont!
Missing character: There is no P in font nullfont!
Missing character: There is no Q in font nullfont!
Missing character: There is no R in font nullfont!
Missing character: There is no S in font nullfont!
Missing character: There is no T in font nullfont!
Missing character: There is no U in font nullfont!
Missing character: There is no V in font nullfont!
Missing character: There is no W in font nullfont!
Missing character: There is no X in font nullfont!
Missing character: There is no Y in font nullfont!
Missing character: There is no Z in font nullfont!
Missing character: There is no a in font nullfont!
Missing character: There is no b in font nullfont!
Missing character: There is no c in font nullfont!
Missing character: There is no d in font nullfont!
Missing character: There is no e in font nullfont!
Missing character: There is no f in font nullfont!
Missing character: There is no g in font nullfont!
Missing character: There is no h in font nullfont!
Missing character: There is no i in font nullfont!
Missing character: There is no j in font nullfont!
Missing character: There is no k in font nullfont!
Missing character: There is no l in font nullfont!
Missing character: There is no m in font nullfont!
Missing character: There is no n in font nullfont!
Missing character: There is no o in font nullfont!
Missing character: There is no p in font nullfont!
Missing character: There is no q in font nullfont!
Missing character: There is no r in font nullfont!
Missing character: There is no s in font nullfont!
Missing character: There is no t in font nullfont!
Missing character: There is no u in font nullfont!
Missing character: There is no v in font nullfont!
Missing character: There is no w in font nullfont!
Missing character: There is no x in font nullfont!
Missing character: There is no y in font nullfont!
Missing character: There is no z in font nullfont!
Missing character: There is no A in font nullfont!
Missing character: There is no B in font nullfont!
Missing character: There is no C in font nullfont!
Missing character: There is no D in font nullfont!
Missing character: There is no E in font nullfont!
Missing character: There is no F in font nullfont!
Missing character: There is no G in font nullfont!
Missing character: There is no H in font nullfont!
Missing character: There is no I in font nullfont!
Missing character: There is no J in font nullfont!
Missing character: There is no K in font nullfont!
Missing character: There is no L in font nullfont!
Missing character: There is no M in font nullfont!
Missing character: There is no N in font nullfont!
Missing character: There is no O in font nullfont!
Missing character: There is no P in font nullfont!
Missing character: There is no Q in font nullfont!
Missing character: There is no R in font nullfont!
Missing character: There is no S in font nullfont!
Missing character: There is no T in font nullfont!
Missing character: There is no U in font nullfont!
Missing character: There is no V in font nullfont!
Missing character: There is no W in font nullfont!
Missing character: There is no X in font nullfont!
Missing character: There is no Y in font nullfont!
Missing character: There is no Z in font nullfont!
Missing character: There is no a in font nullfont!
Missing character: There is no b in font nullfont!
Missing character: There is no c in font nullfont!
Missing character: There is no d in font nullfont!
Missing character: There is no e in font nullfont!
Missing character: There is no f in font nullfont!
Missing character: There is no g in font nullfont!
Missing character: There is no h in font nullfont!
Missing character: There is no i in font nullfont!
Missing character: There is no j in font nullfont!
Missing character: There is no k in font nullfont!
Missing character: There is no l in font nullfont!
Missing character: There is no m in font nullfont!
Missing character: There is no n in font nullfont!
Missing character: There is no o in font nullfont!
Missing character: There is no p in font nullfont!
Missing character: There is no q in font nullfont!
Missing character: There is no r in font nullfont!
Missing character: There is no s in font nullfont!
Missing character: There is no t in font nullfont!
Missing character: There is no u in font nullfont!
Missing character: There is no v in font nullfont!
Missing character: There is no w in font nullfont!
Missing character: There is no x in font nullfont!
Missing character: There is no y in font nullfont!
Missing character: There is no z in font nullfont!
Missing character: There is no A in font nullfont!
Missing character: There is no B in font nullfont!
Missing character: There is no C in font nullfont!
Missing character: There is no D in font nullfont!
Missing character: There is no E in font nullfont!
Missing character: There is no F in font nullfont!
Missing character: There is no G in font nullfont!
Missing character: There is no H in font nullfont!
Missing character: There is no I in font nullfont!
Missing character: There is no J in font nullfont!
Missing character: There is no K in font nullfont!
Missing character: There is no L in font nullfont!
Missing character: There is no M in font nullfont!
Missing character: There is no N in font nullfont!
Missing character: There is no O in font nullfont!
Missing character: There is no P in font nullfont!
Missing character: There is no Q in font nullfont!
Missing character: There is no R in font nullfont!
Missing character: There is no S in font nullfont!
Missing character: There is no T in font nullfont!
Missing character: There is no U in font nullfont!
Missing character: There is no V in font nullfont!
Missing character: There is no W in font nullfont!
Missing character: There is no X in font nullfont!
Missing character: There is no Y in font nullfont!
Missing character: There is no Z in font nullfont!
[17

] (/compile/main.bbl) [18

] [19

] (/compile/main.aux) ) 
Here is how much of TeX's memory you used:
 24518 strings out of 480907
 454757 string characters out of 5908306
 859867 words of memory out of 5000000
 39338 multiletter control sequences out of 15000+600000
 546724 words of font info for 71 fonts, out of 8000000 for 9000
 1141 hyphenation exceptions out of 8191
 73i,12n,96p,1093b,976s stack positions out of 5000i,500n,10000p,200000b,80000s

Output written on main.dvi (276 pages, 105892 bytes).
